<?xml version="1.0" encoding="UTF-8"?>
<testng-results total="1" passed="1" failed="0" skipped="0">
  <reporter-output>
  </reporter-output>
  <suite started-at="2025-01-16T14:28:51Z" name="Surefire suite" finished-at="2025-01-16T14:28:56Z" duration-ms="4843">
    <groups>
    </groups>
    <test started-at="2025-01-16T14:28:51Z" name="Surefire test" finished-at="2025-01-16T14:28:56Z" duration-ms="4843">
      <class name="Selleniun_start_projects.Selleniun_start_projects.AppTest">
        <test-method signature="Tests1()[pri:0, instance:Tests1(Selleniun_start_projects.Selleniun_start_projects.AppTest)]" started-at="2025-01-16T16:28:51Z" name="Tests1" finished-at="2025-01-16T16:28:56Z" duration-ms="4807" status="PASS">
          <reporter-output>
          </reporter-output>
        </test-method> <!-- Tests1 -->
      </class> <!-- Selleniun_start_projects.Selleniun_start_projects.AppTest -->
    </test> <!-- Surefire test -->
  </suite> <!-- Surefire suite -->
</testng-results>
